This is XeTeX, Version 3.14159265-2.6-0.999992 (MiKTeX 20.11) (preloaded format=xelatex 2020.11.22)  11 DEC 2020 03:54
entering extended mode
**./python.tex
(python.tex
LaTeX2e <2020-10-01> patch level 2
L3 programming layer <2020-10-27> xparse <2020-03-03> (sphinxmanual.cls
Document Class: sphinxmanual 2019/12/01 v2.3.0 Document class (Sphinx manual)
(C:\Users\sk260350\AppData\Local\Programs\MiKTeX\tex/latex/base\report.cls
Document Class: report 2020/04/10 v1.4m Standard LaTeX document class
(C:\Users\sk260350\AppData\Local\Programs\MiKTeX\tex/latex/base\size10.clo
File: size10.clo 2020/04/10 v1.4m Standard LaTeX file (size option)
)
\c@part=\count171
\c@chapter=\count172
\c@section=\count173
\c@subsection=\count174
\c@subsubsection=\count175
\c@paragraph=\count176
\c@subparagraph=\count177
\c@figure=\count178
\c@table=\count179
\abovecaptionskip=\skip47
\belowcaptionskip=\skip48
\bibindent=\dimen138
)
LaTeX Info: Redefining \and on input line 35.
)
\sphinxpxdimen=\dimen139

(C:\Users\sk260350\AppData\Local\Programs\MiKTeX\tex/latex/cmap\cmap.sty
Package: cmap 2008/03/06 v1.0h CMap support: searchable PDF


Package cmap Warning: pdftex not detected - exiting.

)
(C:\Users\sk260350\AppData\Local\Programs\MiKTeX\tex/latex/fontspec\fontspec.st
y
(C:\Users\sk260350\AppData\Local\Programs\MiKTeX\tex/latex/l3packages/xparse\xp
arse.sty
(C:\Users\sk260350\AppData\Local\Programs\MiKTeX\tex/latex/l3kernel\expl3.sty
Package: expl3 2020-10-27 L3 programming layer (loader) 

(C:\Users\sk260350\AppData\Local\Programs\MiKTeX\tex/latex/l3backend\l3backend-
xetex.def
File: l3backend-xetex.def 2020-09-24 L3 backend support: XeTeX
\g__graphics_track_int=\count180
\l__pdf_internal_box=\box47
\g__pdf_backend_object_int=\count181
\g__pdf_backend_annotation_int=\count182
))
Package: xparse 2020-10-27 L3 Experimental document command parser

(C:\Users\sk260350\AppData\Local\Programs\MiKTeX\tex/latex/l3packages/xparse\xp
arse-generic.tex))
Package: fontspec 2020/02/21 v2.7i Font selection for XeLaTeX and LuaLaTeX

(C:\Users\sk260350\AppData\Local\Programs\MiKTeX\tex/latex/fontspec\fontspec-xe
tex.sty
Package: fontspec-xetex 2020/02/21 v2.7i Font selection for XeLaTeX and LuaLaTe
X
\l__fontspec_script_int=\count183
\l__fontspec_language_int=\count184
\l__fontspec_strnum_int=\count185
\l__fontspec_tmp_int=\count186
\l__fontspec_tmpa_int=\count187
\l__fontspec_tmpb_int=\count188
\l__fontspec_tmpc_int=\count189
\l__fontspec_em_int=\count190
\l__fontspec_emdef_int=\count191
\l__fontspec_strong_int=\count192
\l__fontspec_strongdef_int=\count193
\l__fontspec_tmpa_dim=\dimen140
\l__fontspec_tmpb_dim=\dimen141
\l__fontspec_tmpc_dim=\dimen142

(C:\Users\sk260350\AppData\Local\Programs\MiKTeX\tex/latex/base\fontenc.sty
Package: fontenc 2020/08/10 v2.0s Standard LaTeX package
)
(C:\Users\sk260350\AppData\Local\Programs\MiKTeX\tex/latex/fontspec\fontspec.cf
g)))
(C:\Users\sk260350\AppData\Local\Programs\MiKTeX\tex/latex/amsmath\amsmath.sty
Package: amsmath 2020/09/23 v2.17i AMS math features
\@mathmargin=\skip49

For additional information on amsmath, use the `?' option.
(C:\Users\sk260350\AppData\Local\Programs\MiKTeX\tex/latex/amsmath\amstext.sty
Package: amstext 2000/06/29 v2.01 AMS text

(C:\Users\sk260350\AppData\Local\Programs\MiKTeX\tex/latex/amsmath\amsgen.sty
File: amsgen.sty 1999/11/30 v2.0 generic functions
\@emptytoks=\toks15
\ex@=\dimen143
)) (C:\Users\sk260350\AppData\Local\Programs\MiKTeX\tex/latex/amsmath\amsbsy.st
y
Package: amsbsy 1999/11/29 v1.2d Bold Symbols
\pmbraise@=\dimen144
) (C:\Users\sk260350\AppData\Local\Programs\MiKTeX\tex/latex/amsmath\amsopn.sty
Package: amsopn 2016/03/08 v2.02 operator names
)
\inf@bad=\count194
LaTeX Info: Redefining \frac on input line 234.
\uproot@=\count195
\leftroot@=\count196
LaTeX Info: Redefining \overline on input line 399.
\classnum@=\count197
\DOTSCASE@=\count198
LaTeX Info: Redefining \ldots on input line 496.
LaTeX Info: Redefining \dots on input line 499.
LaTeX Info: Redefining \cdots on input line 620.
\Mathstrutbox@=\box48
\strutbox@=\box49
\big@size=\dimen145
LaTeX Font Info:    Redeclaring font encoding OML on input line 743.
LaTeX Font Info:    Redeclaring font encoding OMS on input line 744.
\macc@depth=\count199
\c@MaxMatrixCols=\count266
\dotsspace@=\muskip16
\c@parentequation=\count267
\dspbrk@lvl=\count268
\tag@help=\toks16
\row@=\count269
\column@=\count270
\maxfields@=\count271
\andhelp@=\toks17
\eqnshift@=\dimen146
\alignsep@=\dimen147
\tagshift@=\dimen148
\tagwidth@=\dimen149
\totwidth@=\dimen150
\lineht@=\dimen151
\@envbody=\toks18
\multlinegap=\skip50
\multlinetaggap=\skip51
\mathdisplay@stack=\toks19
LaTeX Info: Redefining \[ on input line 2923.
LaTeX Info: Redefining \] on input line 2924.
)
(C:\Users\sk260350\AppData\Local\Programs\MiKTeX\tex/latex/amsfonts\amssymb.sty
Package: amssymb 2013/01/14 v3.01 AMS font symbols

(C:\Users\sk260350\AppData\Local\Programs\MiKTeX\tex/latex/amsfonts\amsfonts.st
y
Package: amsfonts 2013/01/14 v3.01 Basic AMSFonts support
\symAMSa=\mathgroup4
\symAMSb=\mathgroup5
LaTeX Font Info:    Redeclaring math symbol \hbar on input line 98.
LaTeX Font Info:    Overwriting math alphabet `\mathfrak' in version `bold'
(Font)                  U/euf/m/n --> U/euf/b/n on input line 106.
))
(C:\Users\sk260350\AppData\Local\Programs\MiKTeX\tex/latex/polyglossia\polyglos
sia.sty
Package: polyglossia 2020/10/09 v1.50 Modern multilingual typesetting with XeLa
TeX and LuaLaTeX

(C:\Users\sk260350\AppData\Local\Programs\MiKTeX\tex/latex/etoolbox\etoolbox.st
y
Package: etoolbox 2020/10/05 v2.5k e-TeX tools for LaTeX (JAW)
\etb@tempcnta=\count272
)
(C:\Users\sk260350\AppData\Local\Programs\MiKTeX\tex/latex/makecmds\makecmds.st
y
Package: makecmds 2009/09/03 v1.0a extra command making commands
)
(C:\Users\sk260350\AppData\Local\Programs\MiKTeX\tex/latex/xkeyval\xkeyval.sty
Package: xkeyval 2014/12/03 v2.7a package option processing (HA)

(C:\Users\sk260350\AppData\Local\Programs\MiKTeX\tex/generic/xkeyval\xkeyval.te
x
(C:\Users\sk260350\AppData\Local\Programs\MiKTeX\tex/generic/xkeyval\xkvutils.t
ex
\XKV@toks=\toks20
\XKV@tempa@toks=\toks21

(C:\Users\sk260350\AppData\Local\Programs\MiKTeX\tex/generic/xkeyval\keyval.tex
))
\XKV@depth=\count273
File: xkeyval.tex 2014/12/03 v2.7a key=value parser (HA)
))
(C:\Users\sk260350\AppData\Local\Programs\MiKTeX\tex/generic/iftex\iftex.sty
Package: iftex 2020/03/06 v1.0d TeX engine tests
)
(C:\Users\sk260350\AppData\Local\Programs\MiKTeX\tex/latex/l3packages/l3keys2e\
l3keys2e.sty
Package: l3keys2e 2020-10-27 LaTeX2e option processing using LaTeX3 keys
)
(C:\Users\sk260350\AppData\Local\Programs\MiKTeX\tex/latex/filehook\filehook.st
y
Package: filehook 2020/09/29 v0.8a Hooks for input files

(C:\Users\sk260350\AppData\Local\Programs\MiKTeX\tex/latex/filehook\filehook-20
20.sty
Package: filehook-2020 2020/09/29 v0.8a Hooks for input files
))
\xpg@normalclass=\XeTeXcharclass1

(C:\Users\sk260350\AppData\Local\Programs\MiKTeX\tex/latex/polyglossia\gloss-la
tex.ldf
File: gloss-latex.ldf polyglossia: module for default language
The property list \polyglossia@langsetup contains the pairs (without outer
braces):
>  {latex/script}  =>  {latin}
>  {latex/lcscript}  =>  {latin}
>  {latex/scripttag}  =>  {}
>  {latex/language}  =>  {Latex}
>  {latex/langtag}  =>  {ENG}
>  {latex/bcp47}  =>  {}
>  {latex/hyphennames}  =>  {english}
>  {latex/direction}  =>  {LR}
>  {latex/hyphenmins}  =>  {2,3}
>  {latex/frenchspacing}  =>  {false}
>  {latex/indentfirst}  =>  {false}
>  {latex/fontsetup}  =>  {true}
>  {latex/envname}  =>  {latex}
>  {latex/babelname}  =>  {latex}
>  {latex/localnumeral}  =>  {polyglossia@C@localnumeral}
>  {latex/Localnumeral}  =>  {polyglossia@C@localnumeral}.
)
Package polyglossia Info: Default language is latex.
)
(C:\Users\sk260350\AppData\Local\Programs\MiKTeX\tex/latex/polyglossia\gloss-en
glish.ldf
File: gloss-english.ldf polyglossia: module for english
The property list \polyglossia@langsetup contains the pairs (without outer
braces):
>  {latex/script}  =>  {latin}
>  {latex/lcscript}  =>  {latin}
>  {latex/scripttag}  =>  {}
>  {latex/language}  =>  {Latex}
>  {latex/langtag}  =>  {ENG}
>  {latex/bcp47}  =>  {}
>  {latex/hyphennames}  =>  {english}
>  {latex/direction}  =>  {LR}
>  {latex/hyphenmins}  =>  {2,3}
>  {latex/frenchspacing}  =>  {false}
>  {latex/indentfirst}  =>  {false}
>  {latex/fontsetup}  =>  {true}
>  {latex/envname}  =>  {latex}
>  {latex/babelname}  =>  {latex}
>  {latex/localnumeral}  =>  {polyglossia@C@localnumeral}
>  {latex/Localnumeral}  =>  {polyglossia@C@localnumeral}
>  {english/script}  =>  {latin}
>  {english/lcscript}  =>  {latin}
>  {english/scripttag}  =>  {}
>  {english/language}  =>  {English}
>  {english/langtag}  =>  {ENG}
>  {english/bcp47}  =>  {en-US}
>  {english/hyphennames}  =>  {english,american,usenglish,USenglish}
>  {english/direction}  =>  {LR}
>  {english/hyphenmins}  =>  {2,3}
>  {english/frenchspacing}  =>  {false}
>  {english/indentfirst}  =>  {false}
>  {english/fontsetup}  =>  {true}
>  {english/envname}  =>  {english}
>  {english/babelname}  =>  {english}
>  {english/localnumeral}  =>  {polyglossia@C@localnumeral}
>  {english/Localnumeral}  =>  {polyglossia@C@localnumeral}.
Package polyglossia Info: Option: English, variant=american.
)
Package polyglossia Info: Default language is english.

Package fontspec Info: Font family 'FreeSerif(0)' created for font 'FreeSerif'
(fontspec)             with options [Extension = .otf,UprightFont =
(fontspec)             *,ItalicFont = *Italic,BoldFont = *Bold,BoldItalicFont
(fontspec)             = *BoldItalic].
(fontspec)              
(fontspec)              This font family consists of the following NFSS
(fontspec)             series/shapes:
(fontspec)              
(fontspec)             - 'normal' (m/n) with NFSS spec.:
(fontspec)             <->"[FreeSerif.otf]/OT:script=latn;language=dflt;"
(fontspec)             - 'small caps'  (m/sc) with NFSS spec.:
(fontspec)             <->"[FreeSerif.otf]/OT:script=latn;language=dflt;+smcp;"

(fontspec)             - 'bold' (b/n) with NFSS spec.:
(fontspec)             <->"[FreeSerifBold.otf]/OT:script=latn;language=dflt;"
(fontspec)             - 'bold small caps'  (b/sc) with NFSS spec.:
(fontspec)             <->"[FreeSerifBold.otf]/OT:script=latn;language=dflt;+sm
cp;"
(fontspec)             - 'italic' (m/it) with NFSS spec.:
(fontspec)             <->"[FreeSerifItalic.otf]/OT:script=latn;language=dflt;"

(fontspec)             - 'italic small caps'  (m/scit) with NFSS spec.: 
(fontspec)             - 'bold italic' (b/it) with NFSS spec.:
(fontspec)             <->"[FreeSerifBoldItalic.otf]/OT:script=latn;language=df
lt;"
(fontspec)             - 'bold italic small caps'  (b/scit) with NFSS spec.: 


Package fontspec Info: Font family 'FreeSans(0)' created for font 'FreeSans'
(fontspec)             with options [Extension = .otf,UprightFont =
(fontspec)             *,ItalicFont = *Oblique,BoldFont = *Bold,BoldItalicFont
(fontspec)             = *BoldOblique].
(fontspec)              
(fontspec)              This font family consists of the following NFSS
(fontspec)             series/shapes:
(fontspec)              
(fontspec)             - 'normal' (m/n) with NFSS spec.:
(fontspec)             <->"[FreeSans.otf]/OT:script=latn;language=dflt;"
(fontspec)             - 'small caps'  (m/sc) with NFSS spec.:
(fontspec)             <->"[FreeSans.otf]/OT:script=latn;language=dflt;+smcp;"
(fontspec)             - 'bold' (b/n) with NFSS spec.:
(fontspec)             <->"[FreeSansBold.otf]/OT:script=latn;language=dflt;"
(fontspec)             - 'bold small caps'  (b/sc) with NFSS spec.:
(fontspec)             <->"[FreeSansBold.otf]/OT:script=latn;language=dflt;+smc
p;"
(fontspec)             - 'italic' (m/it) with NFSS spec.:
(fontspec)             <->"[FreeSansOblique.otf]/OT:script=latn;language=dflt;"

(fontspec)             - 'italic small caps'  (m/scit) with NFSS spec.: 
(fontspec)             - 'bold italic' (b/it) with NFSS spec.:
(fontspec)             <->"[FreeSansBoldOblique.otf]/OT:script=latn;language=df
lt;"
(fontspec)             - 'bold italic small caps'  (b/scit) with NFSS spec.: 


Package fontspec Info: Font family 'FreeMono(0)' created for font 'FreeMono'
(fontspec)             with options [Extension = .otf,UprightFont =
(fontspec)             *,ItalicFont = *Oblique,BoldFont = *Bold,BoldItalicFont
(fontspec)             = *BoldOblique].
(fontspec)              
(fontspec)              This font family consists of the following NFSS
(fontspec)             series/shapes:
(fontspec)              
(fontspec)             - 'normal' (m/n) with NFSS spec.:
(fontspec)             <->"[FreeMono.otf]/OT:script=latn;language=dflt;"
(fontspec)             - 'small caps'  (m/sc) with NFSS spec.: 
(fontspec)             - 'bold' (b/n) with NFSS spec.:
(fontspec)             <->"[FreeMonoBold.otf]/OT:script=latn;language=dflt;"
(fontspec)             - 'bold small caps'  (b/sc) with NFSS spec.: 
(fontspec)             - 'italic' (m/it) with NFSS spec.:
(fontspec)             <->"[FreeMonoOblique.otf]/OT:script=latn;language=dflt;"

(fontspec)             - 'italic small caps'  (m/scit) with NFSS spec.: 
(fontspec)             - 'bold italic' (b/it) with NFSS spec.:
(fontspec)             <->"[FreeMonoBoldOblique.otf]/OT:script=latn;language=df
lt;"
(fontspec)             - 'bold italic small caps'  (b/scit) with NFSS spec.: 


(C:\Users\sk260350\AppData\Local\Programs\MiKTeX\tex/latex/fncychap\fncychap.st
y
Package: fncychap 2007/07/30 v1.34 LaTeX package (Revised chapters)
\RW=\skip52
\mylen=\skip53
\myhi=\skip54
\px=\skip55
\py=\skip56
\pyy=\skip57
\pxx=\skip58
\c@AlphaCnt=\count274
\c@AlphaDecCnt=\count275
) (sphinx.sty
Package: sphinx 2019/09/02 v2.3.0 LaTeX package (Sphinx markup)

(C:\Users\sk260350\AppData\Local\Programs\MiKTeX\tex/generic/ltxcmds\ltxcmds.st
y
Package: ltxcmds 2020-05-10 v1.25 LaTeX kernel commands for general use (HO)
)
(C:\Users\sk260350\AppData\Local\Programs\MiKTeX\tex/latex/graphics\graphicx.st
y
Package: graphicx 2020/09/09 v1.2b Enhanced LaTeX Graphics (DPC,SPQR)

(C:\Users\sk260350\AppData\Local\Programs\MiKTeX\tex/latex/graphics\graphics.st
y
Package: graphics 2020/08/30 v1.4c Standard LaTeX Graphics (DPC,SPQR)
 (C:\Users\sk260350\AppData\Local\Programs\MiKTeX\tex/latex/graphics\trig.sty
Package: trig 2016/01/03 v1.10 sin cos tan (DPC)
)
(C:\Users\sk260350\AppData\Local\Programs\MiKTeX\tex/latex/graphics-cfg\graphic
s.cfg
File: graphics.cfg 2016/06/04 v1.11 sample graphics configuration
)
Package graphics Info: Driver file: xetex.def on input line 105.

(C:\Users\sk260350\AppData\Local\Programs\MiKTeX\tex/latex/graphics-def\xetex.d
ef
File: xetex.def 2020/08/26 v5.0i Graphics/color driver for xetex
))
\Gin@req@height=\dimen152
\Gin@req@width=\dimen153
)
(C:\Users\sk260350\AppData\Local\Programs\MiKTeX\tex/latex/fancyhdr\fancyhdr.st
y
Package: fancyhdr 2019/01/31 v3.10 Extensive control of page headers and footer
s
\f@nch@headwidth=\skip59
\f@nch@O@elh=\skip60
\f@nch@O@erh=\skip61
\f@nch@O@olh=\skip62
\f@nch@O@orh=\skip63
\f@nch@O@elf=\skip64
\f@nch@O@erf=\skip65
\f@nch@O@olf=\skip66
\f@nch@O@orf=\skip67
) (C:\Users\sk260350\AppData\Local\Programs\MiKTeX\tex/latex/base\textcomp.sty
Package: textcomp 2020/02/02 v2.0n Standard LaTeX package
)
(C:\Users\sk260350\AppData\Local\Programs\MiKTeX\tex/latex/titlesec\titlesec.st
y
Package: titlesec 2019/10/16 v2.13 Sectioning titles
\ttl@box=\box50
\beforetitleunit=\skip68
\aftertitleunit=\skip69
\ttl@plus=\dimen154
\ttl@minus=\dimen155
\ttl@toksa=\toks22
\titlewidth=\dimen156
\titlewidthlast=\dimen157
\titlewidthfirst=\dimen158
)
(C:\Users\sk260350\AppData\Local\Programs\MiKTeX\tex/latex/tabulary\tabulary.st
y
Package: tabulary 2014/06/11 v0.10 tabulary package (DPC)
 (C:\Users\sk260350\AppData\Local\Programs\MiKTeX\tex/latex/tools\array.sty
Package: array 2019/08/31 v2.4l Tabular extension package (FMi)
\col@sep=\dimen159
\ar@mcellbox=\box51
\extrarowheight=\dimen160
\NC@list=\toks23
\extratabsurround=\skip70
\backup@length=\skip71
\ar@cellbox=\box52
)
\TY@count=\count276
\TY@linewidth=\dimen161
\tymin=\dimen162
\tymax=\dimen163
\TY@tablewidth=\dimen164
)
(C:\Users\sk260350\AppData\Local\Programs\MiKTeX\tex/latex/tools\longtable.sty
Package: longtable 2020/01/07 v4.13 Multi-page Table package (DPC)
\LTleft=\skip72
\LTright=\skip73
\LTpre=\skip74
\LTpost=\skip75
\LTchunksize=\count277
\LTcapwidth=\dimen165
\LT@head=\box53
\LT@firsthead=\box54
\LT@foot=\box55
\LT@lastfoot=\box56
\LT@cols=\count278
\LT@rows=\count279
\c@LT@tables=\count280
\c@LT@chunks=\count281
\LT@p@ftn=\toks24
)
(C:\Users\sk260350\AppData\Local\Programs\MiKTeX\tex/latex/varwidth\varwidth.st
y
Package: varwidth 2009/03/30 ver 0.92;  Variable-width minipages
\@vwid@box=\box57
\sift@deathcycles=\count282
\@vwid@loff=\dimen166
\@vwid@roff=\dimen167
) (sphinxmulticell.sty
Package: sphinxmulticell 2017/02/23 v1.6 better span rows and columns of a tabl
e (Sphinx team)
\sphinx@TY@tablewidth=\dimen168
)
(C:\Users\sk260350\AppData\Local\Programs\MiKTeX\tex/latex/base\makeidx.sty
Package: makeidx 2014/09/29 v1.0m Standard LaTeX package
)
(C:\Users\sk260350\AppData\Local\Programs\MiKTeX\tex/latex/framed\framed.sty
Package: framed 2011/10/22 v 0.96: framed or shaded text with page breaks
\OuterFrameSep=\skip76
\fb@frw=\dimen169
\fb@frh=\dimen170
\FrameRule=\dimen171
\FrameSep=\dimen172
)
(C:\Users\sk260350\AppData\Local\Programs\MiKTeX\tex/latex/xcolor\xcolor.sty
Package: xcolor 2016/05/11 v2.12 LaTeX color extensions (UK)

(C:\Users\sk260350\AppData\Local\Programs\MiKTeX\tex/latex/graphics-cfg\color.c
fg
File: color.cfg 2016/01/02 v1.6 sample color configuration
)
Package xcolor Info: Driver file: xetex.def on input line 225.
Package xcolor Info: Model `cmy' substituted by `cmy0' on input line 1348.
Package xcolor Info: Model `RGB' extended on input line 1364.
Package xcolor Info: Model `HTML' substituted by `rgb' on input line 1366.
Package xcolor Info: Model `Hsb' substituted by `hsb' on input line 1367.
Package xcolor Info: Model `tHsb' substituted by `hsb' on input line 1368.
Package xcolor Info: Model `HSB' substituted by `hsb' on input line 1369.
Package xcolor Info: Model `Gray' substituted by `gray' on input line 1370.
Package xcolor Info: Model `wave' substituted by `hsb' on input line 1371.
)
(C:\Users\sk260350\AppData\Local\Programs\MiKTeX\tex/latex/fancyvrb\fancyvrb.st
y
Package: fancyvrb 2020/05/03 v3.6 verbatim text (tvz,hv)
\FV@CodeLineNo=\count283
\FV@InFile=\read2
\FV@TabBox=\box58
\c@FancyVerbLine=\count284
\FV@StepNumber=\count285
\FV@OutFile=\write3
) (footnotehyper-sphinx.sty
Package: footnotehyper-sphinx 2017/10/27 v1.7 hyperref aware footnote.sty for s
phinx (JFB)
\FNH@notes=\box59
\FNH@width=\dimen173
)
(C:\Users\sk260350\AppData\Local\Programs\MiKTeX\tex/latex/float\float.sty
Package: float 2001/11/08 v1.3d Float enhancements (AL)
\c@float@type=\count286
\float@exts=\toks25
\float@box=\box60
\@float@everytoks=\toks26
\@floatcapt=\box61
)
(C:\Users\sk260350\AppData\Local\Programs\MiKTeX\tex/latex/wrapfig\wrapfig.sty
\wrapoverhang=\dimen174
\WF@size=\dimen175
\c@WF@wrappedlines=\count287
\WF@box=\box62
\WF@everypar=\toks27
Package: wrapfig 2003/01/31  v 3.6
) (C:\Users\sk260350\AppData\Local\Programs\MiKTeX\tex/latex/parskip\parskip.st
y
Rollback for package 'parskip' requested -> version 'v1'.
         This corresponds to the release introduced on 2001-04-09.

(C:\Users\sk260350\AppData\Local\Programs\MiKTeX\tex/latex/parskip\parskip-2001
-04-09.sty
Package: parskip 2001/04/09 non-zero parskip adjustments
))
(C:\Users\sk260350\AppData\Local\Programs\MiKTeX\tex/latex/base\alltt.sty
Package: alltt 1997/06/16 v2.0g defines alltt environment
)
(C:\Users\sk260350\AppData\Local\Programs\MiKTeX\tex/latex/upquote\upquote.sty
Package: upquote 2012/04/19 v1.3 upright-quote and grave-accent glyphs in verba
tim
) (C:\Users\sk260350\AppData\Local\Programs\MiKTeX\tex/latex/capt-of\capt-of.st
y
Package: capt-of 2009/12/29 v0.2 standard captions outside of floats
)
(C:\Users\sk260350\AppData\Local\Programs\MiKTeX\tex/latex/needspace\needspace.
sty
Package: needspace 2010/09/12 v1.3d reserve vertical space
) (sphinxhighlight.sty
Package: sphinxhighlight 2016/05/29 stylesheet for highlighting with pygments
)
(C:\Users\sk260350\AppData\Local\Programs\MiKTeX\tex/latex/kvoptions\kvoptions.
sty
Package: kvoptions 2020-10-07 v3.14 Key value format for package options (HO)

(C:\Users\sk260350\AppData\Local\Programs\MiKTeX\tex/generic/kvsetkeys\kvsetkey
s.sty
Package: kvsetkeys 2019/12/15 v1.18 Key value parser (HO)
))
\sphinxverbatimsep=\dimen176
\sphinxverbatimborder=\dimen177
\sphinxshadowsep=\dimen178
\sphinxshadowsize=\dimen179
\sphinxshadowrule=\dimen180
\spx@notice@border=\dimen181
\spx@image@maxheight=\dimen182
\spx@image@box=\dimen183
\c@literalblock=\count288
\sphinxcontinuationbox=\box63
\sphinxvisiblespacebox=\box64
\sphinxVerbatim@TitleBox=\box65
\sphinxVerbatim@ContentsBox=\box66
\py@argswidth=\skip77
\lineblockindentation=\skip78
\DUlineblockindent=\skip79
)
(C:\Users\sk260350\AppData\Local\Programs\MiKTeX\tex/latex/geometry\geometry.st
y
Package: geometry 2020/01/02 v5.9 Page Geometry
 (C:\Users\sk260350\AppData\Local\Programs\MiKTeX\tex/generic/iftex\ifvtex.sty
Package: ifvtex 2019/10/25 v1.7 ifvtex legacy package. Use iftex instead.
)
\Gm@cnth=\count289
\Gm@cntv=\count290
\c@Gm@tempcnt=\count291
\Gm@bindingoffset=\dimen184
\Gm@wd@mp=\dimen185
\Gm@odd@mp=\dimen186
\Gm@even@mp=\dimen187
\Gm@layoutwidth=\dimen188
\Gm@layoutheight=\dimen189
\Gm@layouthoffset=\dimen190
\Gm@layoutvoffset=\dimen191
\Gm@dimlist=\toks28

(C:\Users\sk260350\AppData\Local\Programs\MiKTeX\tex/xelatex/xetexconfig\geomet
ry.cfg))
(C:\Users\sk260350\AppData\Local\Programs\MiKTeX\tex/latex/hyperref\hyperref.st
y
Package: hyperref 2020-05-15 v7.00e Hypertext links for LaTeX

(C:\Users\sk260350\AppData\Local\Programs\MiKTeX\tex/generic/pdftexcmds\pdftexc
mds.sty
Package: pdftexcmds 2020-06-27 v0.33 Utility functions of pdfTeX for LuaTeX (HO
)

(C:\Users\sk260350\AppData\Local\Programs\MiKTeX\tex/generic/infwarerr\infwarer
r.sty
Package: infwarerr 2019/12/03 v1.5 Providing info/warning/error messages (HO)
)
Package pdftexcmds Info: \pdf@primitive is available.
Package pdftexcmds Info: \pdf@ifprimitive is available.
Package pdftexcmds Info: \pdfdraftmode not found.
)
(C:\Users\sk260350\AppData\Local\Programs\MiKTeX\tex/generic/kvdefinekeys\kvdef
inekeys.sty
Package: kvdefinekeys 2019-12-19 v1.6 Define keys (HO)
)
(C:\Users\sk260350\AppData\Local\Programs\MiKTeX\tex/generic/pdfescape\pdfescap
e.sty
Package: pdfescape 2019/12/09 v1.15 Implements pdfTeX's escape features (HO)
)
(C:\Users\sk260350\AppData\Local\Programs\MiKTeX\tex/latex/hycolor\hycolor.sty
Package: hycolor 2020-01-27 v1.10 Color options for hyperref/bookmark (HO)
)
(C:\Users\sk260350\AppData\Local\Programs\MiKTeX\tex/latex/letltxmacro\letltxma
cro.sty
Package: letltxmacro 2019/12/03 v1.6 Let assignment for LaTeX macros (HO)
)
(C:\Users\sk260350\AppData\Local\Programs\MiKTeX\tex/latex/auxhook\auxhook.sty
Package: auxhook 2019-12-17 v1.6 Hooks for auxiliary files (HO)
)
\@linkdim=\dimen192
\Hy@linkcounter=\count292
\Hy@pagecounter=\count293
(C:\Users\sk260350\AppData\Local\Programs\MiKTeX\tex/latex/hyperref\pd1enc.def
File: pd1enc.def 2020-05-15 v7.00e Hyperref: PDFDocEncoding definition (HO)
)
(C:\Users\sk260350\AppData\Local\Programs\MiKTeX\tex/generic/intcalc\intcalc.st
y
Package: intcalc 2019/12/15 v1.3 Expandable calculations with integers (HO)
)
(C:\Users\sk260350\AppData\Local\Programs\MiKTeX\tex/generic/etexcmds\etexcmds.
sty
Package: etexcmds 2019/12/15 v1.7 Avoid name clashes with e-TeX commands (HO)
)
\Hy@SavedSpaceFactor=\count294
Package hyperref Info: Option `hyperindex' set `false' on input line 4338.
Package hyperref Info: Option `unicode' set `true' on input line 4338.

(C:\Users\sk260350\AppData\Local\Programs\MiKTeX\tex/latex/hyperref\puenc.def
File: puenc.def 2020-05-15 v7.00e Hyperref: PDF Unicode definition (HO)
)
Package hyperref Info: Option `colorlinks' set `true' on input line 4338.
Package hyperref Info: Option `breaklinks' set `true' on input line 4338.
Package hyperref Info: Hyper figures OFF on input line 4464.
Package hyperref Info: Link nesting OFF on input line 4469.
Package hyperref Info: Hyper index OFF on input line 4474.
Package hyperref Info: Plain pages OFF on input line 4479.
Package hyperref Info: Backreferencing OFF on input line 4484.
Package hyperref Info: Implicit mode ON; LaTeX internals redefined.
Package hyperref Info: Bookmarks ON on input line 4717.
\c@Hy@tempcnt=\count295

(C:\Users\sk260350\AppData\Local\Programs\MiKTeX\tex/latex/url\url.sty
\Urlmuskip=\muskip17
Package: url 2013/09/16  ver 3.4  Verb mode for urls, etc.
)
LaTeX Info: Redefining \url on input line 5076.
\XeTeXLinkMargin=\dimen193

(C:\Users\sk260350\AppData\Local\Programs\MiKTeX\tex/generic/bitset\bitset.sty
Package: bitset 2019/12/09 v1.3 Handle bit-vector datatype (HO)

(C:\Users\sk260350\AppData\Local\Programs\MiKTeX\tex/generic/bigintcalc\bigintc
alc.sty
Package: bigintcalc 2019/12/15 v1.5 Expandable calculations on big integers (HO
)
))
\Fld@menulength=\count296
\Field@Width=\dimen194
\Fld@charsize=\dimen195
Package hyperref Info: Hyper figures OFF on input line 6347.
Package hyperref Info: Link nesting OFF on input line 6352.
Package hyperref Info: Hyper index OFF on input line 6357.
Package hyperref Info: backreferencing OFF on input line 6362.
Package hyperref Info: Link coloring ON on input line 6365.
Package hyperref Info: Link coloring with OCG OFF on input line 6372.
Package hyperref Info: PDF/A mode OFF on input line 6377.
LaTeX Info: Redefining \ref on input line 6417.
LaTeX Info: Redefining \pageref on input line 6421.

(C:\Users\sk260350\AppData\Local\Programs\MiKTeX\tex/latex/base\atbegshi-ltx.st
y
Package: atbegshi-ltx 2020/08/17 v1.0a Emulation of the original atbegshi packa
ge
with kernel methods
)
\Hy@abspage=\count297
\c@Item=\count298
\c@Hfootnote=\count299
)
Package hyperref Info: Driver (autodetected): hxetex.

(C:\Users\sk260350\AppData\Local\Programs\MiKTeX\tex/latex/hyperref\hxetex.def
File: hxetex.def 2020-05-15 v7.00e Hyperref driver for XeTeX

(C:\Users\sk260350\AppData\Local\Programs\MiKTeX\tex/generic/stringenc\stringen
c.sty
Package: stringenc 2019/11/29 v1.12 Convert strings between diff. encodings (HO
)
)
\pdfm@box=\box67
\c@Hy@AnnotLevel=\count300
\HyField@AnnotCount=\count301
\Fld@listcount=\count302
\c@bookmark@seq@number=\count303

(C:\Users\sk260350\AppData\Local\Programs\MiKTeX\tex/latex/rerunfilecheck\rerun
filecheck.sty
Package: rerunfilecheck 2019/12/05 v1.9 Rerun checks for auxiliary files (HO)

(C:\Users\sk260350\AppData\Local\Programs\MiKTeX\tex/latex/base\atveryend-ltx.s
ty
Package: atveryend-ltx 2020/08/19 v1.0a Emulation of the original atvery packag
e
with kernel methods
)
(C:\Users\sk260350\AppData\Local\Programs\MiKTeX\tex/generic/uniquecounter\uniq
uecounter.sty
Package: uniquecounter 2019/12/15 v1.4 Provide unlimited unique counter (HO)
)
Package uniquecounter Info: New unique counter `rerunfilecheck' on input line 2
86.
)
\Hy@SectionHShift=\skip80
)
(C:\Users\sk260350\AppData\Local\Programs\MiKTeX\tex/latex/oberdiek\hypcap.sty
Package: hypcap 2016/05/16 v1.12 Adjusting the anchors of captions (HO)
) (sphinxmessages.sty
Package: sphinxmessages 2019/01/04 v2.0 Localized LaTeX macros (Sphinx team)
)
\@indexfile=\write4
\openout4 = `python.idx'.


Writing index file python.idx
(python.aux
LaTeX Info: Redefining \rmfamily on input line 19.
LaTeX Info: Redefining \sffamily on input line 19.
LaTeX Info: Redefining \ttfamily on input line 19.
)
\openout1 = `python.aux'.

LaTeX Font Info:    Checking defaults for OML/cmm/m/it on input line 73.
LaTeX Font Info:    ... okay on input line 73.
LaTeX Font Info:    Checking defaults for OMS/cmsy/m/n on input line 73.
LaTeX Font Info:    ... okay on input line 73.
LaTeX Font Info:    Checking defaults for OT1/cmr/m/n on input line 73.
LaTeX Font Info:    ... okay on input line 73.
LaTeX Font Info:    Checking defaults for T1/cmr/m/n on input line 73.
LaTeX Font Info:    ... okay on input line 73.
LaTeX Font Info:    Checking defaults for TS1/cmr/m/n on input line 73.
LaTeX Font Info:    Trying to load font information for TS1+cmr on input line 7
3.

(C:\Users\sk260350\AppData\Local\Programs\MiKTeX\tex/latex/base\ts1cmr.fd
File: ts1cmr.fd 2019/12/16 v2.5j Standard LaTeX font definitions
)
LaTeX Font Info:    ... okay on input line 73.
LaTeX Font Info:    Checking defaults for TU/lmr/m/n on input line 73.
LaTeX Font Info:    ... okay on input line 73.
LaTeX Font Info:    Checking defaults for OMX/cmex/m/n on input line 73.
LaTeX Font Info:    ... okay on input line 73.
LaTeX Font Info:    Checking defaults for U/cmr/m/n on input line 73.
LaTeX Font Info:    ... okay on input line 73.
LaTeX Font Info:    Checking defaults for PD1/pdf/m/n on input line 73.
LaTeX Font Info:    ... okay on input line 73.
LaTeX Font Info:    Checking defaults for PU/pdf/m/n on input line 73.
LaTeX Font Info:    ... okay on input line 73.

Package fontspec Info: Adjusting the maths setup (use [no-math] to avoid
(fontspec)             this).

\symlegacymaths=\mathgroup6
LaTeX Font Info:    Overwriting symbol font `legacymaths' in version `bold'
(Font)                  OT1/cmr/m/n --> OT1/cmr/bx/n on input line 73.
LaTeX Font Info:    Redeclaring math accent \acute on input line 73.
LaTeX Font Info:    Redeclaring math accent \grave on input line 73.
LaTeX Font Info:    Redeclaring math accent \ddot on input line 73.
LaTeX Font Info:    Redeclaring math accent \tilde on input line 73.
LaTeX Font Info:    Redeclaring math accent \bar on input line 73.
LaTeX Font Info:    Redeclaring math accent \breve on input line 73.
LaTeX Font Info:    Redeclaring math accent \check on input line 73.
LaTeX Font Info:    Redeclaring math accent \hat on input line 73.
LaTeX Font Info:    Redeclaring math accent \dot on input line 73.
LaTeX Font Info:    Redeclaring math accent \mathring on input line 73.
LaTeX Font Info:    Redeclaring math symbol \Gamma on input line 73.
LaTeX Font Info:    Redeclaring math symbol \Delta on input line 73.
LaTeX Font Info:    Redeclaring math symbol \Theta on input line 73.
LaTeX Font Info:    Redeclaring math symbol \Lambda on input line 73.
LaTeX Font Info:    Redeclaring math symbol \Xi on input line 73.
LaTeX Font Info:    Redeclaring math symbol \Pi on input line 73.
LaTeX Font Info:    Redeclaring math symbol \Sigma on input line 73.
LaTeX Font Info:    Redeclaring math symbol \Upsilon on input line 73.
LaTeX Font Info:    Redeclaring math symbol \Phi on input line 73.
LaTeX Font Info:    Redeclaring math symbol \Psi on input line 73.
LaTeX Font Info:    Redeclaring math symbol \Omega on input line 73.
LaTeX Font Info:    Redeclaring math symbol \mathdollar on input line 73.
LaTeX Font Info:    Redeclaring symbol font `operators' on input line 73.
LaTeX Font Info:    Encoding `OT1' has changed to `TU' for symbol font
(Font)              `operators' in the math version `normal' on input line 73.
LaTeX Font Info:    Overwriting symbol font `operators' in version `normal'
(Font)                  OT1/cmr/m/n --> TU/FreeSerif(0)/m/n on input line 73.
LaTeX Font Info:    Encoding `OT1' has changed to `TU' for symbol font
(Font)              `operators' in the math version `bold' on input line 73.
LaTeX Font Info:    Overwriting symbol font `operators' in version `bold'
(Font)                  OT1/cmr/bx/n --> TU/FreeSerif(0)/m/n on input line 73.
LaTeX Font Info:    Overwriting symbol font `operators' in version `normal'
(Font)                  TU/FreeSerif(0)/m/n --> TU/FreeSerif(0)/m/n on input li
ne 73.
LaTeX Font Info:    Overwriting math alphabet `\mathit' in version `normal'
(Font)                  OT1/cmr/m/it --> TU/FreeSerif(0)/m/it on input line 73.

LaTeX Font Info:    Overwriting math alphabet `\mathbf' in version `normal'
(Font)                  OT1/cmr/bx/n --> TU/FreeSerif(0)/b/n on input line 73.
LaTeX Font Info:    Overwriting math alphabet `\mathsf' in version `normal'
(Font)                  OT1/cmss/m/n --> TU/FreeSans(0)/m/n on input line 73.
LaTeX Font Info:    Overwriting math alphabet `\mathtt' in version `normal'
(Font)                  OT1/cmtt/m/n --> TU/FreeMono(0)/m/n on input line 73.
LaTeX Font Info:    Overwriting symbol font `operators' in version `bold'
(Font)                  TU/FreeSerif(0)/m/n --> TU/FreeSerif(0)/b/n on input li
ne 73.
LaTeX Font Info:    Overwriting math alphabet `\mathit' in version `bold'
(Font)                  OT1/cmr/bx/it --> TU/FreeSerif(0)/b/it on input line 73
.
LaTeX Font Info:    Overwriting math alphabet `\mathsf' in version `bold'
(Font)                  OT1/cmss/bx/n --> TU/FreeSans(0)/b/n on input line 73.
LaTeX Font Info:    Overwriting math alphabet `\mathtt' in version `bold'
(Font)                  OT1/cmtt/m/n --> TU/FreeMono(0)/b/n on input line 73.

*geometry* detected driver: pdftex
*geometry* verbose mode - [ preamble ] result:
* driver: pdftex
* paper: letterpaper
* layout: <same size as paper>
* layoutoffset:(h,v)=(0.0pt,0.0pt)
* modes: twoside 
* h-part:(L,W,R)=(72.26999pt, 469.75502pt, 72.26999pt)
* v-part:(T,H,B)=(72.26999pt, 650.43001pt, 72.26999pt)
* \paperwidth=614.295pt
* \paperheight=794.96999pt
* \textwidth=469.75502pt
* \textheight=650.43001pt
* \oddsidemargin=0.0pt
* \evensidemargin=0.0pt
* \topmargin=-37.0pt
* \headheight=12.0pt
* \headsep=25.0pt
* \topskip=10.0pt
* \footskip=30.0pt
* \marginparwidth=36.135pt
* \marginparsep=11.0pt
* \columnsep=10.0pt
* \skip\footins=9.0pt plus 4.0pt minus 2.0pt
* \hoffset=0.0pt
* \voffset=0.0pt
* \mag=1000
* \@twocolumnfalse
* \@twosidetrue
* \@mparswitchtrue
* \@reversemarginfalse
* (1in=72.27pt=25.4mm, 1cm=28.453pt)

Package hyperref Info: Link coloring ON on input line 73.

(C:\Users\sk260350\AppData\Local\Programs\MiKTeX\tex/latex/hyperref\nameref.sty
Package: nameref 2019/09/16 v2.46 Cross-referencing by name of section

(C:\Users\sk260350\AppData\Local\Programs\MiKTeX\tex/latex/refcount\refcount.st
y
Package: refcount 2019/12/15 v3.6 Data extraction from label references (HO)
)
(C:\Users\sk260350\AppData\Local\Programs\MiKTeX\tex/generic/gettitlestring\get
titlestring.sty
Package: gettitlestring 2019/12/15 v1.6 Cleanup title references (HO)
)
\c@section@level=\count304
)
LaTeX Info: Redefining \ref on input line 73.
LaTeX Info: Redefining \pageref on input line 73.
LaTeX Info: Redefining \nameref on input line 73.
 (python.out) (python.out)
\@outlinefile=\write5
\openout5 = `python.out'.

LaTeX Info: Redefining \rmfamily on input line 73.
LaTeX Info: Redefining \sffamily on input line 73.
LaTeX Info: Redefining \ttfamily on input line 73.
Package hyperref Info: Option `pageanchor' set `false' on input line 76.
LaTeX Font Info:    Trying to load font information for U+msa on input line 76.


(C:\Users\sk260350\AppData\Local\Programs\MiKTeX\tex/latex/amsfonts\umsa.fd
File: umsa.fd 2013/01/14 v3.01 AMS symbols A
)
LaTeX Font Info:    Trying to load font information for U+msb on input line 76.


(C:\Users\sk260350\AppData\Local\Programs\MiKTeX\tex/latex/amsfonts\umsb.fd
File: umsb.fd 2013/01/14 v3.01 AMS symbols B
)
[1

] [2


] (python.toc
LaTeX Info: Redefining \rmfamily on input line 1.
LaTeX Info: Redefining \sffamily on input line 1.
LaTeX Info: Redefining \ttfamily on input line 1.
)
\tf@toc=\write6
\openout6 = `python.toc'.

 [1

] [2

] [1] [2

]
Chapter 1.
[3]
! Undefined control sequence.
<write> ...ls/_build/jupyter_execute\NoteBookTuto 
                                                  _10_0}.png' not found\on@l...
l.166 ...d/jupyter_execute\NoteBookTuto_10_0}.png}
                                                  
? 

LaTeX Warning: File `{C:/Users/sk260350/Documents/Notebooks/Book/Generic/Outils
/_build/jupyter_execute_10_0}.png' not found on input line 166.

! Unable to load picture or PDF file 'C:/Users/sk260350/Documents/Notebooks/Boo
k/Generic/Outils/_build/jupyter_executeNoteBookTuto_10_0.png'.
<to be read again> 
                   }
l.166 ...d/jupyter_execute\NoteBookTuto_10_0}.png}
                                                  
? 
! Undefined control sequence.
<write> ...ls/_build/jupyter_execute\NoteBookTuto 
                                                  _10_0}.png' not found\on@l...
l.166 ...d/jupyter_execute\NoteBookTuto_10_0}.png}
                                                  
? 

LaTeX Warning: File `{C:/Users/sk260350/Documents/Notebooks/Book/Generic/Outils
/_build/jupyter_execute_10_0}.png' not found on input line 166.

File: C:/Users/sk260350/Documents/Notebooks/Book/Generic/Outils/_build/jupyter_
executeNoteBookTuto_10_0.png Graphic file (type bmp)
<C:/Users/sk260350/Documents/Notebooks/Book/Generic/Outils/_build/jupyter_execu
teNoteBookTuto_10_0.png>
[4] [5] [6

]
Chapter 2.
[7] [8

]
Chapter 3.
[9]
Overfull \hbox (10.74167pt too wide) in paragraph at lines 309--310
[]\TU/FreeSerif(0)/m/n/10 jupyter nbconvert Plotting.ipynb –to=html –TagRemoveP
reprocessor.remove_input_tags=”{‘remove_input’,’remove_cell’}”
 []

! Undefined control sequence.
<write> ...ls/_build/jupyter_execute\Explications 
                                                  _7_0}.png' not found\on@li...
l.344 ...ld/jupyter_execute\Explications_7_0}.png}
                                                  
? 

LaTeX Warning: File `{C:/Users/sk260350/Documents/Notebooks/Book/Generic/Outils
/_build/jupyter_execute_7_0}.png' not found on input line 344.

! Unable to load picture or PDF file 'C:/Users/sk260350/Documents/Notebooks/Boo
k/Generic/Outils/_build/jupyter_executeExplications_7_0.png'.
<to be read again> 
                   }
l.344 ...ld/jupyter_execute\Explications_7_0}.png}
                                                  
? 
! Undefined control sequence.
<write> ...ls/_build/jupyter_execute\Explications 
                                                  _7_0}.png' not found\on@li...
l.344 ...ld/jupyter_execute\Explications_7_0}.png}
                                                  
? 

LaTeX Warning: File `{C:/Users/sk260350/Documents/Notebooks/Book/Generic/Outils
/_build/jupyter_execute_7_0}.png' not found on input line 344.

File: C:/Users/sk260350/Documents/Notebooks/Book/Generic/Outils/_build/jupyter_
executeExplications_7_0.png Graphic file (type bmp)
<C:/Users/sk260350/Documents/Notebooks/Book/Generic/Outils/_build/jupyter_execu
teExplications_7_0.png>
[10]
Chapter 4.
[11

]
! Undefined control sequence.
<write> ...tils/_build/jupyter_execute\ExempleDay 
                                                  _7_0}.png' not found\on@li...
l.421 ...uild/jupyter_execute\ExempleDay_7_0}.png}
                                                  
? 

LaTeX Warning: File `{C:/Users/sk260350/Documents/Notebooks/Book/Generic/Outils
/_build/jupyter_execute_7_0}.png' not found on input line 421.

! Unable to load picture or PDF file 'C:/Users/sk260350/Documents/Notebooks/Boo
k/Generic/Outils/_build/jupyter_executeExempleDay_7_0.png'.
<to be read again> 
                   }
l.421 ...uild/jupyter_execute\ExempleDay_7_0}.png}
                                                  
? 
! Undefined control sequence.
<write> ...tils/_build/jupyter_execute\ExempleDay 
                                                  _7_0}.png' not found\on@li...
l.421 ...uild/jupyter_execute\ExempleDay_7_0}.png}
                                                  
? 

LaTeX Warning: File `{C:/Users/sk260350/Documents/Notebooks/Book/Generic/Outils
/_build/jupyter_execute_7_0}.png' not found on input line 421.

File: C:/Users/sk260350/Documents/Notebooks/Book/Generic/Outils/_build/jupyter_
executeExempleDay_7_0.png Graphic file (type bmp)
<C:/Users/sk260350/Documents/Notebooks/Book/Generic/Outils/_build/jupyter_execu
teExempleDay_7_0.png>
! Undefined control sequence.
<write> ...tils/_build/jupyter_execute\ExempleDay 
                                                  _10_0}.png' not found\on@l...
l.430 ...ild/jupyter_execute\ExempleDay_10_0}.png}
                                                  
? 

LaTeX Warning: File `{C:/Users/sk260350/Documents/Notebooks/Book/Generic/Outils
/_build/jupyter_execute_10_0}.png' not found on input line 430.

! Unable to load picture or PDF file 'C:/Users/sk260350/Documents/Notebooks/Boo
k/Generic/Outils/_build/jupyter_executeExempleDay_10_0.png'.
<to be read again> 
                   }
l.430 ...ild/jupyter_execute\ExempleDay_10_0}.png}
                                                  
? 
! Undefined control sequence.
<write> ...tils/_build/jupyter_execute\ExempleDay 
                                                  _10_0}.png' not found\on@l...
l.430 ...ild/jupyter_execute\ExempleDay_10_0}.png}
                                                  
? 

LaTeX Warning: File `{C:/Users/sk260350/Documents/Notebooks/Book/Generic/Outils
/_build/jupyter_execute_10_0}.png' not found on input line 430.

File: C:/Users/sk260350/Documents/Notebooks/Book/Generic/Outils/_build/jupyter_
executeExempleDay_10_0.png Graphic file (type bmp)
<C:/Users/sk260350/Documents/Notebooks/Book/Generic/Outils/_build/jupyter_execu
teExempleDay_10_0.png>
[12]
! Undefined control sequence.
<write> ...tils/_build/jupyter_execute\ExempleDay 
                                                  _12_0}.png' not found\on@l...
l.435 ...ild/jupyter_execute\ExempleDay_12_0}.png}
                                                  
? 

LaTeX Warning: File `{C:/Users/sk260350/Documents/Notebooks/Book/Generic/Outils
/_build/jupyter_execute_12_0}.png' not found on input line 435.

! Unable to load picture or PDF file 'C:/Users/sk260350/Documents/Notebooks/Boo
k/Generic/Outils/_build/jupyter_executeExempleDay_12_0.png'.
<to be read again> 
                   }
l.435 ...ild/jupyter_execute\ExempleDay_12_0}.png}
                                                  
? 
! Undefined control sequence.
<write> ...tils/_build/jupyter_execute\ExempleDay 
                                                  _12_0}.png' not found\on@l...
l.435 ...ild/jupyter_execute\ExempleDay_12_0}.png}
                                                  
? 

LaTeX Warning: File `{C:/Users/sk260350/Documents/Notebooks/Book/Generic/Outils
/_build/jupyter_execute_12_0}.png' not found on input line 435.

File: C:/Users/sk260350/Documents/Notebooks/Book/Generic/Outils/_build/jupyter_
executeExempleDay_12_0.png Graphic file (type bmp)
<C:/Users/sk260350/Documents/Notebooks/Book/Generic/Outils/_build/jupyter_execu
teExempleDay_12_0.png>
! Undefined control sequence.
<write> ...tils/_build/jupyter_execute\ExempleDay 
                                                  _14_0}.png' not found\on@l...
l.449 ...ild/jupyter_execute\ExempleDay_14_0}.png}
                                                  
? 

LaTeX Warning: File `{C:/Users/sk260350/Documents/Notebooks/Book/Generic/Outils
/_build/jupyter_execute_14_0}.png' not found on input line 449.

! Unable to load picture or PDF file 'C:/Users/sk260350/Documents/Notebooks/Boo
k/Generic/Outils/_build/jupyter_executeExempleDay_14_0.png'.
<to be read again> 
                   }
l.449 ...ild/jupyter_execute\ExempleDay_14_0}.png}
                                                  
? 
! Undefined control sequence.
<write> ...tils/_build/jupyter_execute\ExempleDay 
                                                  _14_0}.png' not found\on@l...
l.449 ...ild/jupyter_execute\ExempleDay_14_0}.png}
                                                  
? 

LaTeX Warning: File `{C:/Users/sk260350/Documents/Notebooks/Book/Generic/Outils
/_build/jupyter_execute_14_0}.png' not found on input line 449.

File: C:/Users/sk260350/Documents/Notebooks/Book/Generic/Outils/_build/jupyter_
executeExempleDay_14_0.png Graphic file (type bmp)
<C:/Users/sk260350/Documents/Notebooks/Book/Generic/Outils/_build/jupyter_execu
teExempleDay_14_0.png>
[13] [14

]
Chapter 5.
File: Dessin.PNG Graphic file (type bmp)
<Dessin.PNG>
[15]
File: azimElevCelestial.PNG Graphic file (type bmp)
<azimElevCelestial.PNG>
 [16]
File: elev.PNG Graphic file (type bmp)
<elev.PNG>
 [17]
File: declinaison.PNG Graphic file (type bmp)
<declinaison.PNG>
 [18]
! Undefined control sequence.
<write> ...uild/jupyter_execute\EmplacementSoleil 
                                                  _22_0}.png' not found\on@l...
l.563 ...yter_execute\EmplacementSoleil_22_0}.png}
                                                  
? 

LaTeX Warning: File `{C:/Users/sk260350/Documents/Notebooks/Book/Generic/Outils
/_build/jupyter_execute_22_0}.png' not found on input line 563.

! Unable to load picture or PDF file 'C:/Users/sk260350/Documents/Notebooks/Boo
k/Generic/Outils/_build/jupyter_executeEmplacementSoleil_22_0.png'.
<to be read again> 
                   }
l.563 ...yter_execute\EmplacementSoleil_22_0}.png}
                                                  
? 
! Undefined control sequence.
<write> ...uild/jupyter_execute\EmplacementSoleil 
                                                  _22_0}.png' not found\on@l...
l.563 ...yter_execute\EmplacementSoleil_22_0}.png}
                                                  
? 

LaTeX Warning: File `{C:/Users/sk260350/Documents/Notebooks/Book/Generic/Outils
/_build/jupyter_execute_22_0}.png' not found on input line 563.

File: C:/Users/sk260350/Documents/Notebooks/Book/Generic/Outils/_build/jupyter_
executeEmplacementSoleil_22_0.png Graphic file (type bmp)
<C:/Users/sk260350/Documents/Notebooks/Book/Generic/Outils/_build/jupyter_execu
teEmplacementSoleil_22_0.png>
! Undefined control sequence.
<write> ...uild/jupyter_execute\EmplacementSoleil 
                                                  _25_0}.png' not found\on@l...
l.581 ...yter_execute\EmplacementSoleil_25_0}.png}
                                                  
? 

LaTeX Warning: File `{C:/Users/sk260350/Documents/Notebooks/Book/Generic/Outils
/_build/jupyter_execute_25_0}.png' not found on input line 581.

! Unable to load picture or PDF file 'C:/Users/sk260350/Documents/Notebooks/Boo
k/Generic/Outils/_build/jupyter_executeEmplacementSoleil_25_0.png'.
<to be read again> 
                   }
l.581 ...yter_execute\EmplacementSoleil_25_0}.png}
                                                  
? 
! Undefined control sequence.
<write> ...uild/jupyter_execute\EmplacementSoleil 
                                                  _25_0}.png' not found\on@l...
l.581 ...yter_execute\EmplacementSoleil_25_0}.png}
                                                  
? 

LaTeX Warning: File `{C:/Users/sk260350/Documents/Notebooks/Book/Generic/Outils
/_build/jupyter_execute_25_0}.png' not found on input line 581.

File: C:/Users/sk260350/Documents/Notebooks/Book/Generic/Outils/_build/jupyter_
executeEmplacementSoleil_25_0.png Graphic file (type bmp)
<C:/Users/sk260350/Documents/Notebooks/Book/Generic/Outils/_build/jupyter_execu
teEmplacementSoleil_25_0.png>
! Undefined control sequence.
<write> ...uild/jupyter_execute\EmplacementSoleil 
                                                  _28_0}.png' not found\on@l...
l.601 ...yter_execute\EmplacementSoleil_28_0}.png}
                                                  
? 

LaTeX Warning: File `{C:/Users/sk260350/Documents/Notebooks/Book/Generic/Outils
/_build/jupyter_execute_28_0}.png' not found on input line 601.

! Unable to load picture or PDF file 'C:/Users/sk260350/Documents/Notebooks/Boo
k/Generic/Outils/_build/jupyter_executeEmplacementSoleil_28_0.png'.
<to be read again> 
                   }
l.601 ...yter_execute\EmplacementSoleil_28_0}.png}
                                                  
? 
! Undefined control sequence.
<write> ...uild/jupyter_execute\EmplacementSoleil 
                                                  _28_0}.png' not found\on@l...
l.601 ...yter_execute\EmplacementSoleil_28_0}.png}
                                                  
? 

LaTeX Warning: File `{C:/Users/sk260350/Documents/Notebooks/Book/Generic/Outils
/_build/jupyter_execute_28_0}.png' not found on input line 601.

File: C:/Users/sk260350/Documents/Notebooks/Book/Generic/Outils/_build/jupyter_
executeEmplacementSoleil_28_0.png Graphic file (type bmp)
<C:/Users/sk260350/Documents/Notebooks/Book/Generic/Outils/_build/jupyter_execu
teEmplacementSoleil_28_0.png>
[19] [20]
! Undefined control sequence.
<write> ...uild/jupyter_execute\EmplacementSoleil 
                                                  _45_0}.png' not found\on@l...
l.708 ...yter_execute\EmplacementSoleil_45_0}.png}
                                                  
? 

LaTeX Warning: File `{C:/Users/sk260350/Documents/Notebooks/Book/Generic/Outils
/_build/jupyter_execute_45_0}.png' not found on input line 708.

! Unable to load picture or PDF file 'C:/Users/sk260350/Documents/Notebooks/Boo
k/Generic/Outils/_build/jupyter_executeEmplacementSoleil_45_0.png'.
<to be read again> 
                   }
l.708 ...yter_execute\EmplacementSoleil_45_0}.png}
                                                  
? 
! Undefined control sequence.
<write> ...uild/jupyter_execute\EmplacementSoleil 
                                                  _45_0}.png' not found\on@l...
l.708 ...yter_execute\EmplacementSoleil_45_0}.png}
                                                  
? 

LaTeX Warning: File `{C:/Users/sk260350/Documents/Notebooks/Book/Generic/Outils
/_build/jupyter_execute_45_0}.png' not found on input line 708.

File: C:/Users/sk260350/Documents/Notebooks/Book/Generic/Outils/_build/jupyter_
executeEmplacementSoleil_45_0.png Graphic file (type bmp)
<C:/Users/sk260350/Documents/Notebooks/Book/Generic/Outils/_build/jupyter_execu
teEmplacementSoleil_45_0.png>
[21] [22

]
Chapter 6.
[23] [24]
Chapter 7.
[25

] [26

]
Chapter 8.
[27] [28

]
Chapter 9.
[29] [30]
Chapter 10.
[31

] [32] (python.ind)
The property list \polyglossia@langsetup contains the pairs (without outer
braces):
>  {latex/script}  =>  {latin}
>  {latex/lcscript}  =>  {latin}
>  {latex/scripttag}  =>  {}
>  {latex/language}  =>  {Latex}
>  {latex/langtag}  =>  {ENG}
>  {latex/bcp47}  =>  {}
>  {latex/hyphennames}  =>  {english}
>  {latex/direction}  =>  {LR}
>  {latex/hyphenmins}  =>  {2,3}
>  {latex/frenchspacing}  =>  {false}
>  {latex/indentfirst}  =>  {false}
>  {latex/fontsetup}  =>  {true}
>  {latex/envname}  =>  {latex}
>  {latex/babelname}  =>  {latex}
>  {latex/localnumeral}  =>  {polyglossia@C@localnumeral}
>  {latex/Localnumeral}  =>  {polyglossia@C@localnumeral}
>  {english/script}  =>  {latin}
>  {english/lcscript}  =>  {latin}
>  {english/scripttag}  =>  {}
>  {english/language}  =>  {English}
>  {english/langtag}  =>  {ENG}
>  {english/bcp47}  =>  {en-US}
>  {english/hyphennames}  =>  {english,american,usenglish,USenglish}
>  {english/direction}  =>  {LR}
>  {english/hyphenmins}  =>  {2,3}
>  {english/frenchspacing}  =>  {false}
>  {english/indentfirst}  =>  {false}
>  {english/fontsetup}  =>  {true}
>  {english/envname}  =>  {english}
>  {english/babelname}  =>  {american}
>  {english/localnumeral}  =>  {polyglossia@C@localnumeral}
>  {english/Localnumeral}  =>  {polyglossia@C@localnumeral}.
 [33] (python.aux
LaTeX Info: Redefining \rmfamily on input line 19.
LaTeX Info: Redefining \sffamily on input line 19.
LaTeX Info: Redefining \ttfamily on input line 19.
)

Package rerunfilecheck Warning: File `python.out' has changed.
(rerunfilecheck)                Rerun to get outlines right
(rerunfilecheck)                or use package `bookmark'.

Package rerunfilecheck Info: Checksums for `python.out':
(rerunfilecheck)             Before: A6B3737B6BFDA03FB233BE7672181D97;2711
(rerunfilecheck)             After:  53B68E221202A950A9657AD58202258D;5770.

LaTeX Warning: Label(s) may have changed. Rerun to get cross-references right.

 ) 
Here is how much of TeX's memory you used:
 16500 strings out of 412197
 327745 string characters out of 2849014
 731651 words of memory out of 3000000
 35661 multiletter control sequences out of 15000+200000
 543706 words of font info for 108 fonts, out of 3000000 for 9000
 1349 hyphenation exceptions out of 8191
 80i,17n,86p,1341b,514s stack positions out of 5000i,500n,10000p,200000b,50000s

Output written on python.pdf (37 pages).
