\BOOKMARK [0][-]{chapter.1}{\376\377\000T\000u\000t\000o\000r\000i\000e\000l\000\040\000P\000y\000t\000h\000o\000n\000\040\000\046\000\040\000N\000o\000t\000e\000b\000o\000o\000k}{}% 1
\BOOKMARK [1][-]{section.1.1}{\376\377\000E\000t\000a\000p\000e\000\040\0001\000:\000\040\000I\000n\000s\000t\000a\000l\000l\000e\000r\000\040\000A\000n\000a\000c\000o\000n\000d\000a}{chapter.1}% 2
\BOOKMARK [1][-]{section.1.2}{\376\377\000E\000t\000a\000p\000e\000\040\0002\000\040\000:\000\040\000L\000a\000n\000c\000e\000r\000\040\000J\000u\000p\000y\000t\000e\000r}{chapter.1}% 3
\BOOKMARK [1][-]{section.1.3}{\376\377\000E\000t\000a\000p\000e\000\040\0003\000\040\000:\000\040\000J\000o\000u\000e\000r\000\040\000a\000v\000e\000c\000\040\000P\000y\000t\000h\000o\000n\000\040\000e\000t\000\040\000J\000u\000p\000y\000t\000e\000r}{chapter.1}% 4
\BOOKMARK [1][-]{section.1.4}{\376\377\000E\000t\000a\000p\000e\000\040\0004\000:\000\040\000E\000x\000p\000o\000r\000t\000e\000r\000\040\000v\000o\000t\000r\000e\000\040\000N\000o\000t\000e\000B\000o\000o\000k\000\040\000a\000u\000\040\000f\000o\000r\000m\000a\000t\000\040\000p\000d\000f\000\040\000o\000u\000\040\000h\000t\000m\000l}{chapter.1}% 5
\BOOKMARK [1][-]{section.1.5}{\376\377\000J\000u\000p\000y\000t\000e\000r\000L\000a\000b\000:\000\040\000u\000t\000i\000l\000i\000s\000a\000t\000i\000o\000n\000\040\000p\000r\000a\000t\000i\000q\000u\000e}{chapter.1}% 6
\BOOKMARK [0][-]{chapter.2}{\376\377\000F\000a\000i\000r\000e\000\040\000u\000n\000\040\000l\000i\000v\000r\000e\000\040\000a\000v\000e\000c\000\040\000J\000u\000p\000y\000t\000e\000r\000\040\000B\000o\000o\000k}{}% 7
\BOOKMARK [0][-]{chapter.3}{\376\377\000E\000x\000p\000l\000i\000c\000a\000t\000i\000o\000n\000s}{}% 8
\BOOKMARK [1][-]{section.3.1}{\376\377\0001\000.\000\040\000U\000t\000i\000l\000i\000s\000a\000t\000i\000o\000n\000\040\000d\040\031\000u\000n\000\040\000n\000o\000t\000e\000b\000o\000o\000k\000\040\000p\000o\000u\000r\000\040\000p\000l\000o\000t\000t\000e\000r\000\040\000v\000i\000a\000\040\000p\000a\000n\000d\000a\000s\000,\000\040\000p\000l\000o\000t\000l\000y\000\040\000e\000t\000\040\000c\000u\000f\000f\000l\000i\000n\000k\000s}{chapter.3}% 9
\BOOKMARK [1][-]{section.3.2}{\376\377\0002\000.\000\040\000U\000t\000i\000l\000i\000s\000a\000t\000i\000o\000n\000\040\000d\000e\000\040\000J\000u\000p\000y\000t\000e\000r\000\040\000L\000a\000b}{chapter.3}% 10
\BOOKMARK [0][-]{chapter.4}{\376\377\000E\000x\000e\000m\000p\000l\000e\000s\000\040\000d\000e\000\040\000p\000l\000o\000t\000\040\000p\000o\000s\000s\000i\000b\000l\000e\000\040\000a\000v\000e\000c\000\040\000c\000u\000f\000f\000l\000i\000n\000k\000s\000\040\000e\000t\000\040\000p\000a\000n\000d\000a\000s}{}% 11
\BOOKMARK [1][-]{section.4.1}{\376\377\000P\000l\000o\000t\000\040\000o\000f\000\040\000D\000a\000i\000l\000y\000\040\000a\000v\000e\000r\000a\000g\000e\000\040\000v\000a\000l\000u\000e\000s}{chapter.4}% 12
\BOOKMARK [1][-]{section.4.2}{\376\377\000H\000e\000a\000t\000M\000a\000p\000s}{chapter.4}% 13
\BOOKMARK [1][-]{section.4.3}{\376\377\000M\000a\000t\000r\000i\000c\000e\000\040\000d\000e\000\040\000c\000o\000r\000r\000\351\000l\000a\000t\000i\000o\000n}{chapter.4}% 14
\BOOKMARK [0][-]{chapter.5}{\376\377\000D\000\351\000c\000r\000i\000r\000e\000\040\000l\040\031\000e\000m\000p\000l\000a\000c\000e\000m\000e\000n\000t\000\040\000d\000u\000\040\000s\000o\000l\000e\000i\000l}{}% 15
\BOOKMARK [1][-]{section.5.1}{\376\377\000A\000z\000i\000m\000u\000t\000h\000\040\000e\000t\000\040\000E\000l\000e\000v\000a\000t\000i\000o\000n\000\040\000-\000\040\000H\000o\000r\000i\000z\000o\000n\000t\000a\000l\000e}{chapter.5}% 16
\BOOKMARK [1][-]{section.5.2}{\376\377\000L\000a\000t\000i\000t\000u\000d\000e\000,\000\040\000d\000\351\000c\000l\000i\000n\000a\000i\000s\000o\000n\000\040\000e\000t\000\040\000a\000n\000g\000l\000e\000\040\000h\000o\000r\000a\000i\000r\000e\000\040\000-\000\040\000S\000y\000s\000t\000\350\000m\000e\000s\000\040\000E\000q\000u\000a\000t\000o\000r\000i\000a\000l\000e\000s}{chapter.5}% 17
\BOOKMARK [1][-]{section.5.3}{\376\377\000P\000a\000s\000s\000e\000r\000\040\000d\040\031\000u\000n\000\040\000s\000y\000s\000t\000\350\000m\000e\000\040\000d\000e\000\040\000c\000o\000o\000r\000d\000o\000n\000n\000\351\000e\000s\000\040\000\340\000\040\000l\040\031\000a\000u\000t\000r\000e}{chapter.5}% 18
\BOOKMARK [1][-]{section.5.4}{\376\377\000T\000r\000a\000c\000\351\000s\000\040\000a\000n\000n\000u\000e\000l\000s}{chapter.5}% 19
\BOOKMARK [0][-]{chapter.6}{\376\377\000L\040\031\000i\000r\000r\000a\000d\000i\000a\000t\000i\000o\000n\000\040\000s\000o\000l\000a\000i\000r\000e}{}% 20
\BOOKMARK [1][-]{section.6.1}{\376\377\000L\040\031\000a\000b\000s\000o\000r\000p\000t\000i\000o\000n\000\040\000e\000t\000\040\000l\000e\000\040\000s\000p\000e\000c\000t\000r\000e\000\040\000s\000o\000l\000a\000i\000r\000e}{chapter.6}% 21
\BOOKMARK [0][-]{chapter.7}{\376\377\000B\000a\000s\000s\000e\000s\000\040\000T\000e\000m\000p\000\351\000r\000a\000t\000u\000r\000e\000s}{}% 22
\BOOKMARK [0][-]{chapter.8}{\376\377\000L\000a\000\040\000C\000o\000n\000c\000e\000n\000t\000r\000a\000t\000i\000o\000n\000\040\000P\000o\000n\000c\000t\000u\000e\000l\000l\000e}{}% 23
\BOOKMARK [0][-]{chapter.9}{\376\377\000T\000e\000m\000p\000\351\000r\000a\000t\000u\000r\000e\000\040\000d\000e\000\040\000p\000a\000r\000o\000i\000\040\000d\000a\000n\000s\000\040\000u\000n\000e\000\040\000t\000o\000u\000r}{}% 24
\BOOKMARK [1][-]{section.9.1}{\376\377\000S\000u\000r\000\040\000u\000n\000e\000\040\000f\000o\000r\000m\000u\000l\000e\000\040\000g\000\351\000n\000\351\000r\000a\000l\000e}{chapter.9}% 25
\BOOKMARK [0][-]{chapter.10}{\376\377\000T\000\050\000z\000\051\000\040\000d\000a\000n\000s\000\040\000u\000n\000\040\000p\000a\000n\000n\000e\000a\000u}{}% 26
